<?xml version="1.0" encoding="UTF-8"?>
<testng-results ignored="0" total="6" passed="5" failed="1" skipped="0">
  <reporter-output>
  </reporter-output>
  <suite started-at="2025-03-17T21:43:44 IST" name="Open Cart Test Regression PW Suite" finished-at="2025-03-17T21:43:57 IST" duration-ms="12605">
    <groups>
    </groups>
    <test started-at="2025-03-17T21:43:44 IST" name="Open Cart HomePage Test" finished-at="2025-03-17T21:43:52 IST" duration-ms="8028">
      <class name="com.qa.demowebshop.tests.TC01_HomePageTest">
        <test-method is-config="true" signature="setup(java.lang.String)[pri:0, instance:com.qa.demowebshop.tests.TC01_HomePageTest@2f2bf0e2]" started-at="2025-03-17T21:43:44 IST" name="setup" finished-at="2025-03-17T21:43:51 IST" duration-ms="6602" status="PASS">
          <params>
            <param index="0">
              <value>
                <![CDATA[chrome]]>
              </value>
            </param>
          </params>
          <reporter-output>
          </reporter-output>
        </test-method> <!-- setup -->
        <test-method signature="getHomePageTittleTest()[pri:0, instance:com.qa.demowebshop.tests.TC01_HomePageTest@2f2bf0e2]" started-at="2025-03-17T21:43:51 IST" name="getHomePageTittleTest" finished-at="2025-03-17T21:43:51 IST" duration-ms="43" status="PASS">
          <reporter-output>
          </reporter-output>
        </test-method> <!-- getHomePageTittleTest -->
        <test-method signature="getHomePageURLTest()[pri:0, instance:com.qa.demowebshop.tests.TC01_HomePageTest@2f2bf0e2]" started-at="2025-03-17T21:43:51 IST" name="getHomePageURLTest" finished-at="2025-03-17T21:43:51 IST" duration-ms="5" status="PASS">
          <reporter-output>
          </reporter-output>
        </test-method> <!-- getHomePageURLTest -->
        <test-method signature="searchTest()[pri:0, instance:com.qa.demowebshop.tests.TC01_HomePageTest@2f2bf0e2]" started-at="2025-03-17T21:43:51 IST" name="searchTest" finished-at="2025-03-17T21:43:52 IST" duration-ms="272" status="PASS">
          <reporter-output>
          </reporter-output>
        </test-method> <!-- searchTest -->
        <test-method is-config="true" signature="teardown()[pri:0, instance:com.qa.demowebshop.tests.TC01_HomePageTest@2f2bf0e2]" started-at="2025-03-17T21:43:52 IST" name="teardown" finished-at="2025-03-17T21:43:52 IST" duration-ms="180" status="PASS">
          <reporter-output>
          </reporter-output>
        </test-method> <!-- teardown -->
      </class> <!-- com.qa.demowebshop.tests.TC01_HomePageTest -->
    </test> <!-- Open Cart HomePage Test -->
    <test started-at="2025-03-17T21:43:52 IST" name="Open Cart LoginPage Test" finished-at="2025-03-17T21:43:57 IST" duration-ms="4377">
      <class name="com.qa.demowebshop.tests.TC02_LoginPageTest">
        <test-method is-config="true" signature="setup(java.lang.String)[pri:0, instance:com.qa.demowebshop.tests.TC02_LoginPageTest@5cc5b667]" started-at="2025-03-17T21:43:52 IST" name="setup" finished-at="2025-03-17T21:43:55 IST" duration-ms="2559" status="PASS">
          <params>
            <param index="0">
              <value>
                <![CDATA[chrome]]>
              </value>
            </param>
          </params>
          <reporter-output>
          </reporter-output>
        </test-method> <!-- setup -->
        <test-method signature="LoginPageNavigationTest()[pri:1, instance:com.qa.demowebshop.tests.TC02_LoginPageTest@5cc5b667]" started-at="2025-03-17T21:43:55 IST" name="LoginPageNavigationTest" finished-at="2025-03-17T21:43:55 IST" duration-ms="301" status="PASS">
          <reporter-output>
          </reporter-output>
        </test-method> <!-- LoginPageNavigationTest -->
        <test-method signature="forgotPWDlinkExistTest()[pri:2, instance:com.qa.demowebshop.tests.TC02_LoginPageTest@5cc5b667]" started-at="2025-03-17T21:43:56 IST" name="forgotPWDlinkExistTest" finished-at="2025-03-17T21:43:56 IST" duration-ms="4" status="PASS">
          <reporter-output>
          </reporter-output>
        </test-method> <!-- forgotPWDlinkExistTest -->
        <test-method signature="appLoginTest()[pri:3, instance:com.qa.demowebshop.tests.TC02_LoginPageTest@5cc5b667]" started-at="2025-03-17T21:43:56 IST" name="appLoginTest" finished-at="2025-03-17T21:43:56 IST" duration-ms="329" status="FAIL">
          <exception class="java.lang.AssertionError">
            <message>
              <![CDATA[expected [true] but found [false]]]>
            </message>
            <full-stacktrace>
              <![CDATA[java.lang.AssertionError: expected [true] but found [false]
at org.testng.Assert.fail(Assert.java:99)
at org.testng.Assert.failNotEquals(Assert.java:1037)
at org.testng.Assert.assertTrue(Assert.java:45)
at org.testng.Assert.assertTrue(Assert.java:55)
at com.qa.demowebshop.tests.TC02_LoginPageTest.appLoginTest(TC02_LoginPageTest.java:28)
at java.base/jdk.internal.reflect.DirectMethodHandleAccessor.invoke(DirectMethodHandleAccessor.java:103)
at java.base/java.lang.reflect.Method.invoke(Method.java:580)
at org.testng.internal.MethodInvocationHelper.invokeMethod(MethodInvocationHelper.java:133)
at org.testng.internal.TestInvoker.invokeMethod(TestInvoker.java:598)
at org.testng.internal.TestInvoker.invokeTestMethod(TestInvoker.java:173)
at org.testng.internal.MethodRunner.runInSequence(MethodRunner.java:46)
at org.testng.internal.TestInvoker$MethodInvocationAgent.invoke(TestInvoker.java:824)
at org.testng.internal.TestInvoker.invokeTestMethods(TestInvoker.java:146)
at org.testng.internal.TestMethodWorker.invokeTestMethods(TestMethodWorker.java:146)
at org.testng.internal.TestMethodWorker.run(TestMethodWorker.java:128)
at java.base/java.util.ArrayList.forEach(ArrayList.java:1597)
at org.testng.TestRunner.privateRun(TestRunner.java:794)
at org.testng.TestRunner.run(TestRunner.java:596)
at org.testng.SuiteRunner.runTest(SuiteRunner.java:377)
at org.testng.SuiteRunner.runSequentially(SuiteRunner.java:371)
at org.testng.SuiteRunner.privateRun(SuiteRunner.java:332)
at org.testng.SuiteRunner.run(SuiteRunner.java:276)
at org.testng.SuiteRunnerWorker.runSuite(SuiteRunnerWorker.java:53)
at org.testng.SuiteRunnerWorker.run(SuiteRunnerWorker.java:96)
at org.testng.TestNG.runSuitesSequentially(TestNG.java:1212)
at org.testng.TestNG.runSuitesLocally(TestNG.java:1134)
at org.testng.TestNG.runSuites(TestNG.java:1063)
at org.testng.TestNG.run(TestNG.java:1031)
at org.testng.remote.AbstractRemoteTestNG.run(AbstractRemoteTestNG.java:115)
at org.testng.remote.RemoteTestNG.initAndRun(RemoteTestNG.java:293)
at org.testng.remote.RemoteTestNG.main(RemoteTestNG.java:91)
]]>
            </full-stacktrace>
          </exception> <!-- java.lang.AssertionError -->
          <reporter-output>
          </reporter-output>
        </test-method> <!-- appLoginTest -->
        <test-method is-config="true" signature="teardown()[pri:0, instance:com.qa.demowebshop.tests.TC02_LoginPageTest@5cc5b667]" started-at="2025-03-17T21:43:57 IST" name="teardown" finished-at="2025-03-17T21:43:57 IST" duration-ms="176" status="PASS">
          <reporter-output>
          </reporter-output>
        </test-method> <!-- teardown -->
      </class> <!-- com.qa.demowebshop.tests.TC02_LoginPageTest -->
    </test> <!-- Open Cart LoginPage Test -->
  </suite> <!-- Open Cart Test Regression PW Suite -->
</testng-results>
